2014-03-13T17:11:31.959Z - error: uncaughtException: locals is not defined date=Thu Mar 13 2014 17:11:31 GMT+0000 (GMT 标准时间), pid=11368, uid=null, gid=null, cwd=H:\Dropbox\node\testarm, execPath=C:\Program Files\nodejs\node.exe, version=v0.10.4, argv=[node, H:\Dropbox\node\testarm\app], rss=104701952, heapTotal=87172664, heapUsed=64210328, loadavg=[0, 0, 0], uptime=171773.9264983, trace=[column=32, file=H:\Dropbox\node\testarm\routes\apps\app_meeting.js, function=null, line=489, method=null, native=false, column=12, file=H:\Dropbox\node\testarm\model\room_model.js, function=, line=42, method=null, native=false, column=8, file=H:\Dropbox\node\node_modules\mongoose\node_modules\mpromise\lib\promise.js, function=, line=171, method=null, native=false, column=17, file=events.js, function=Promise.EventEmitter.emit, line=95, method=EventEmitter.emit, native=false, column=38, file=H:\Dropbox\node\node_modules\mongoose\node_modules\mpromise\lib\promise.js, function=Promise.emit, line=88, method=emit, native=false, column=20, file=H:\Dropbox\node\node_modules\mongoose\node_modules\mpromise\lib\promise.js, function=Promise.fulfill, line=101, method=fulfill, native=false, column=15, file=H:\Dropbox\node\node_modules\mongoose\lib\promise.js, function=Promise.resolve, line=108, method=resolve, native=false, column=8, file=H:\Dropbox\node\node_modules\mongoose\node_modules\mpromise\lib\promise.js, function=, line=171, method=null, native=false, column=17, file=events.js, function=Promise.EventEmitter.emit, line=95, method=EventEmitter.emit, native=false, column=38, file=H:\Dropbox\node\node_modules\mongoose\node_modules\mpromise\lib\promise.js, function=Promise.emit, line=88, method=emit, native=false], stack=[ReferenceError: locals is not defined,     at H:\Dropbox\node\testarm\routes\apps\app_meeting.js:489:32,     at Promise.<anonymous> (H:\Dropbox\node\testarm\model\room_model.js:42:12),     at Promise.<anonymous> (H:\Dropbox\node\node_modules\mongoose\node_modules\mpromise\lib\promise.js:171:8),     at Promise.EventEmitter.emit (events.js:95:17),     at Promise.emit (H:\Dropbox\node\node_modules\mongoose\node_modules\mpromise\lib\promise.js:88:38),     at Promise.fulfill (H:\Dropbox\node\node_modules\mongoose\node_modules\mpromise\lib\promise.js:101:20),     at Promise.resolve (H:\Dropbox\node\node_modules\mongoose\lib\promise.js:108:15),     at Promise.<anonymous> (H:\Dropbox\node\node_modules\mongoose\node_modules\mpromise\lib\promise.js:171:8),     at Promise.EventEmitter.emit (events.js:95:17),     at Promise.emit (H:\Dropbox\node\node_modules\mongoose\node_modules\mpromise\lib\promise.js:88:38)]
2014-03-13T17:35:01.088Z - error: uncaughtException: Cannot set property 'floor' of undefined date=Thu Mar 13 2014 17:35:01 GMT+0000 (GMT 标准时间), pid=12060, uid=null, gid=null, cwd=H:\Dropbox\node\testarm, execPath=C:\Program Files\nodejs\node.exe, version=v0.10.4, argv=[node, H:\Dropbox\node\testarm\app], rss=105086976, heapTotal=87172664, heapUsed=64462608, loadavg=[0, 0, 0], uptime=173183.0560959, trace=[column=56, file=H:\Dropbox\node\testarm\routes\apps\app_meeting.js, function=getSiteRooms, line=436, method=null, native=false, column=18, file=H:\Dropbox\node\testarm\routes\apps\app_meeting.js, function=null, line=490, method=null, native=false, column=12, file=H:\Dropbox\node\testarm\model\room_model.js, function=, line=42, method=null, native=false, column=8, file=H:\Dropbox\node\node_modules\mongoose\node_modules\mpromise\lib\promise.js, function=, line=171, method=null, native=false, column=17, file=events.js, function=Promise.EventEmitter.emit, line=95, method=EventEmitter.emit, native=false, column=38, file=H:\Dropbox\node\node_modules\mongoose\node_modules\mpromise\lib\promise.js, function=Promise.emit, line=88, method=emit, native=false, column=20, file=H:\Dropbox\node\node_modules\mongoose\node_modules\mpromise\lib\promise.js, function=Promise.fulfill, line=101, method=fulfill, native=false, column=15, file=H:\Dropbox\node\node_modules\mongoose\lib\promise.js, function=Promise.resolve, line=108, method=resolve, native=false, column=8, file=H:\Dropbox\node\node_modules\mongoose\node_modules\mpromise\lib\promise.js, function=, line=171, method=null, native=false, column=17, file=events.js, function=Promise.EventEmitter.emit, line=95, method=EventEmitter.emit, native=false], stack=[TypeError: Cannot set property 'floor' of undefined,     at getSiteRooms (H:\Dropbox\node\testarm\routes\apps\app_meeting.js:436:56),     at H:\Dropbox\node\testarm\routes\apps\app_meeting.js:490:18,     at Promise.<anonymous> (H:\Dropbox\node\testarm\model\room_model.js:42:12),     at Promise.<anonymous> (H:\Dropbox\node\node_modules\mongoose\node_modules\mpromise\lib\promise.js:171:8),     at Promise.EventEmitter.emit (events.js:95:17),     at Promise.emit (H:\Dropbox\node\node_modules\mongoose\node_modules\mpromise\lib\promise.js:88:38),     at Promise.fulfill (H:\Dropbox\node\node_modules\mongoose\node_modules\mpromise\lib\promise.js:101:20),     at Promise.resolve (H:\Dropbox\node\node_modules\mongoose\lib\promise.js:108:15),     at Promise.<anonymous> (H:\Dropbox\node\node_modules\mongoose\node_modules\mpromise\lib\promise.js:171:8),     at Promise.EventEmitter.emit (events.js:95:17)]
2014-03-14T01:35:34.859Z - error: uncaughtException: integrateMeetingRoom is not defined date=Fri Mar 14 2014 01:35:34 GMT+0000 (GMT 标准时间), pid=10208, uid=null, gid=null, cwd=H:\Dropbox\node\testarm, execPath=C:\Program Files\nodejs\node.exe, version=v0.10.4, argv=[node, H:\Dropbox\node\testarm\app], rss=118808576, heapTotal=112922936, heapUsed=59386888, loadavg=[0, 0, 0], uptime=202016.8322935, trace=[column=4, file=H:\Dropbox\node\testarm\routes\catalogUpdater.js, function=null, line=195, method=null, native=false, column=13, file=H:\Dropbox\node\node_modules\async\lib\async.js, function=null, line=229, method=null, native=false, column=25, file=H:\Dropbox\node\node_modules\async\lib\async.js, function=null, line=139, method=null, native=false, column=17, file=H:\Dropbox\node\node_modules\async\lib\async.js, function=null, line=226, method=null, native=false, column=34, file=H:\Dropbox\node\node_modules\async\lib\async.js, function=null, line=553, method=null, native=false, column=6, file=H:\Dropbox\node\testarm\routes\catalogUpdater.js, function=null, line=190, method=null, native=false, column=4, file=H:\Dropbox\node\testarm\routes\catalog_crawler.js, function=null, line=173, method=null, native=false, column=4, file=H:\Dropbox\node\testarm\routes\catalog_crawler.js, function=crawl, line=134, method=null, native=false, column=7, file=H:\Dropbox\node\testarm\routes\catalog_crawler.js, function=null, line=123, method=null, native=false, column=7, file=H:\Dropbox\node\testarm\routes\catalog_crawler.js, function=Request._callback, line=50, method=_callback, native=false], stack=[ReferenceError: integrateMeetingRoom is not defined,     at H:\Dropbox\node\testarm\routes\catalogUpdater.js:195:4,     at H:\Dropbox\node\node_modules\async\lib\async.js:229:13,     at H:\Dropbox\node\node_modules\async\lib\async.js:139:25,     at H:\Dropbox\node\node_modules\async\lib\async.js:226:17,     at H:\Dropbox\node\node_modules\async\lib\async.js:553:34,     at H:\Dropbox\node\testarm\routes\catalogUpdater.js:190:6,     at H:\Dropbox\node\testarm\routes\catalog_crawler.js:173:4,     at crawl (H:\Dropbox\node\testarm\routes\catalog_crawler.js:134:4),     at H:\Dropbox\node\testarm\routes\catalog_crawler.js:123:7,     at Request._callback (H:\Dropbox\node\testarm\routes\catalog_crawler.js:50:7)]
2014-03-14T08:26:24.512Z - error: uncaughtException: Unexpected identifier date=Fri Mar 14 2014 08:26:24 GMT+0000 (GMT 标准时间), pid=7072, uid=null, gid=null, cwd=H:\Dropbox\node\testarm, execPath=C:\Program Files\nodejs\node.exe, version=v0.10.4, argv=[node, H:\Dropbox\node\testarm\app], rss=105205760, heapTotal=86152760, heapUsed=50988064, loadavg=[0, 0, 0], uptime=226666.4831729, trace=[column=25, file=module.js, function=Module._compile, line=439, method=_compile, native=false, column=10, file=module.js, function=Object.Module._extensions..js, line=474, method=Module._extensions..js, native=false, column=32, file=module.js, function=Module.load, line=356, method=load, native=false, column=12, file=module.js, function=Function.Module._load, line=312, method=Module._load, native=false, column=17, file=module.js, function=Module.require, line=364, method=require, native=false, column=17, file=module.js, function=require, line=380, method=null, native=false, column=2, file=H:\Dropbox\node\testarm\routes\catalog_api.js, function=bootApp, line=150, method=null, native=false, column=4, file=H:\Dropbox\node\testarm\routes\catalog_api.js, function=null, line=44, method=null, native=false, column=null, file=null, function=Array.forEach, line=null, method=forEach, native=true, column=12, file=H:\Dropbox\node\testarm\routes\catalog_api.js, function=null, line=40, method=null, native=false], stack=[SyntaxError: Unexpected identifier,     at Module._compile (module.js:439:25),     at Object.Module._extensions..js (module.js:474:10),     at Module.load (module.js:356:32),     at Function.Module._load (module.js:312:12),     at Module.require (module.js:364:17),     at require (module.js:380:17),     at bootApp (H:\Dropbox\node\testarm\routes\catalog_api.js:150:2),     at H:\Dropbox\node\testarm\routes\catalog_api.js:44:4,     at Array.forEach (native),     at H:\Dropbox\node\testarm\routes\catalog_api.js:40:12]
